2018-08-07 14:29:55.605 [com.luoxue.mybatis_demo.MybatisDemoApplication:50] [INFO ] - Starting MybatisDemoApplication v0.0.1-SNAPSHOT on Hs with PID 14504 (G:\MyWorkIdea\mybatis_demo\target\ROOT.jar started by Auser in G:\MyWorkIdea\mybatis_demo\target)
2018-08-07 14:29:55.613 [com.luoxue.mybatis_demo.MybatisDemoApplication:663] [INFO ] - The following profiles are active: test
2018-08-07 14:29:55.735 [o.s.b.w.s.c.AnnotationConfigServletWebServerApplicationContext:590] [INFO ] - Refreshing org.springframework.boot.web.servlet.context.AnnotationConfigServletWebServerApplicationContext@5a01ccaa: startup date [Tue Aug 07 14:29:55 GMT+08:00 2018]; root of context hierarchy
2018-08-07 14:29:58.462 [o.s.boot.web.embedded.tomcat.TomcatWebServer:91] [INFO ] - Tomcat initialized with port(s): 80 (http)
2018-08-07 14:29:58.484 [org.apache.coyote.http11.Http11NioProtocol:180] [INFO ] - Initializing ProtocolHandler ["http-nio-80"]
2018-08-07 14:29:58.497 [org.apache.catalina.core.StandardService:180] [INFO ] - Starting service [Tomcat]
2018-08-07 14:29:58.498 [org.apache.catalina.core.StandardEngine:180] [INFO ] - Starting Servlet Engine: Apache Tomcat/8.5.31
2018-08-07 14:29:58.518 [org.apache.catalina.core.AprLifecycleListener:180] [INFO ] - The APR based Apache Tomcat Native library which allows optimal performance in production environments was not found on the java.library.path: [C:\Program Files\Java\JDK1.8\bin;C:\windows\Sun\Java\bin;C:\windows\system32;C:\windows;E:\mysql\bin;C:\Program Files\Java\JDK1.8\bin;C:\Program Files (x86)\Intel\iCLS Client\;C:\Program Files\Intel\iCLS Client\;C:\windows\system32;C:\windows;C:\windows\System32\Wbem;C:\windows\System32\WindowsPowerShell\v1.0\;C:\Program Files\Intel\Intel(R) Management Engine Components\DAL;C:\Program Files\Intel\Intel(R) Management Engine Components\IPT;C:\Program Files (x86)\Intel\Intel(R) Management Engine Components\DAL;C:\Program Files (x86)\Intel\Intel(R) Management Engine Components\IPT;C:\Program Files (x86)\Microsoft SQL Server\100\Tools\Binn\VSShell\Common7\IDE\;C:\Program Files (x86)\Microsoft SQL Server\100\Tools\Binn\;C:\Program Files\Microsoft SQL Server\100\Tools\Binn\;C:\Program Files (x86)\Microsoft SQL Server\100\DTS\Binn\;E:\apache-maven-3.2.5\bin;E:\apache-maven-3.2.5\bin;E:\apache-maven-3.2.5\bin;E:\TortoiseSVN\bin;C:\Program Files\Microsoft SQL Server\100\DTS\Binn\;C:\Program Files (x86)\Microsoft Visual Studio 9.0\Common7\IDE\PrivateAssemblies\;C:\Program Files\Git\cmd;.]
2018-08-07 14:29:58.665 [o.a.c.core.ContainerBase.[Tomcat].[localhost].[/]:180] [INFO ] - Initializing Spring embedded WebApplicationContext
2018-08-07 14:29:58.666 [org.springframework.web.context.ContextLoader:285] [INFO ] - Root WebApplicationContext: initialization completed in 2931 ms
2018-08-07 14:29:58.875 [o.s.boot.web.servlet.ServletRegistrationBean:186] [INFO ] - Servlet dispatcherServlet mapped to [/]
2018-08-07 14:29:58.883 [o.s.boot.web.servlet.FilterRegistrationBean:245] [INFO ] - Mapping filter: 'characterEncodingFilter' to: [/*]
2018-08-07 14:29:58.885 [o.s.boot.web.servlet.FilterRegistrationBean:245] [INFO ] - Mapping filter: 'hiddenHttpMethodFilter' to: [/*]
2018-08-07 14:29:58.886 [o.s.boot.web.servlet.FilterRegistrationBean:245] [INFO ] - Mapping filter: 'httpPutFormContentFilter' to: [/*]
2018-08-07 14:29:58.886 [o.s.boot.web.servlet.FilterRegistrationBean:245] [INFO ] - Mapping filter: 'requestContextFilter' to: [/*]
2018-08-07 14:29:59.707 [o.s.web.servlet.handler.SimpleUrlHandlerMapping:373] [INFO ] - Mapped URL path [/**/favicon.ico] onto handler of type [class org.springframework.web.servlet.resource.ResourceHttpRequestHandler]
2018-08-07 14:30:00.061 [o.s.w.s.m.m.a.RequestMappingHandlerAdapter:574] [INFO ] - Looking for @ControllerAdvice: org.springframework.boot.web.servlet.context.AnnotationConfigServletWebServerApplicationContext@5a01ccaa: startup date [Tue Aug 07 14:29:55 GMT+08:00 2018]; root of context hierarchy
2018-08-07 14:30:00.170 [o.s.w.s.m.m.a.RequestMappingHandlerMapping:547] [INFO ] - Mapped "{[/]}" onto public java.lang.String com.luoxue.mybatis_demo.controller.DefaultController.index()
2018-08-07 14:30:00.175 [o.s.w.s.m.m.a.RequestMappingHandlerMapping:547] [INFO ] - Mapped "{[/user/info]}" onto public com.luoxue.mybatis_demo.entity.User com.luoxue.mybatis_demo.controller.user.UserController.show()
2018-08-07 14:30:00.180 [o.s.w.s.m.m.a.RequestMappingHandlerMapping:547] [INFO ] - Mapped "{[/user/login]}" onto public org.springframework.web.servlet.ModelAndView com.luoxue.mybatis_demo.controller.user.UserController.login(java.lang.String,java.lang.String)
2018-08-07 14:30:00.186 [o.s.w.s.m.m.a.RequestMappingHandlerMapping:547] [INFO ] - Mapped "{[/error]}" onto public org.springframework.http.ResponseEntity<java.util.Map<java.lang.String, java.lang.Object>> org.springframework.boot.autoconfigure.web.servlet.error.BasicErrorController.error(javax.servlet.http.HttpServletRequest)
2018-08-07 14:30:00.188 [o.s.w.s.m.m.a.RequestMappingHandlerMapping:547] [INFO ] - Mapped "{[/error],produces=[text/html]}" onto public org.springframework.web.servlet.ModelAndView org.springframework.boot.autoconfigure.web.servlet.error.BasicErrorController.errorHtml(javax.servlet.http.HttpServletRequest,javax.servlet.http.HttpServletResponse)
2018-08-07 14:30:00.241 [o.s.web.servlet.handler.SimpleUrlHandlerMapping:373] [INFO ] - Mapped URL path [/webjars/**] onto handler of type [class org.springframework.web.servlet.resource.ResourceHttpRequestHandler]
2018-08-07 14:30:00.242 [o.s.web.servlet.handler.SimpleUrlHandlerMapping:373] [INFO ] - Mapped URL path [/**] onto handler of type [class org.springframework.web.servlet.resource.ResourceHttpRequestHandler]
2018-08-07 14:30:00.354 [o.s.b.a.web.servlet.WelcomePageHandlerMapping:61] [INFO ] - Adding welcome page template: index
2018-08-07 14:30:00.595 [o.s.ui.freemarker.SpringTemplateLoader:62] [INFO ] - SpringTemplateLoader for FreeMarker: using resource loader [org.springframework.boot.web.servlet.context.AnnotationConfigServletWebServerApplicationContext@5a01ccaa: startup date [Tue Aug 07 14:29:55 GMT+08:00 2018]; root of context hierarchy] and template loader path [classpath:/templates/]
2018-08-07 14:30:00.598 [o.s.w.servlet.view.freemarker.FreeMarkerConfigurer:131] [INFO ] - ClassTemplateLoader for Spring macros added to FreeMarker configuration
2018-08-07 14:30:00.881 [o.s.jmx.export.annotation.AnnotationMBeanExporter:433] [INFO ] - Registering beans for JMX exposure on startup
2018-08-07 14:30:00.885 [o.s.jmx.export.annotation.AnnotationMBeanExporter:895] [INFO ] - Bean with name 'dataSource' has been autodetected for JMX exposure
2018-08-07 14:30:00.896 [o.s.jmx.export.annotation.AnnotationMBeanExporter:668] [INFO ] - Located MBean 'dataSource': registering with JMX server as MBean [com.alibaba.druid.pool:name=dataSource,type=DruidDataSource]
2018-08-07 14:30:00.917 [org.apache.coyote.http11.Http11NioProtocol:180] [INFO ] - Starting ProtocolHandler ["http-nio-80"]
2018-08-07 14:30:00.934 [org.apache.tomcat.util.net.NioSelectorPool:180] [INFO ] - Using a shared selector for servlet write/read
2018-08-07 14:30:00.962 [o.s.boot.web.embedded.tomcat.TomcatWebServer:206] [INFO ] - Tomcat started on port(s): 80 (http) with context path ''
2018-08-07 14:30:00.971 [com.luoxue.mybatis_demo.MybatisDemoApplication:59] [INFO ] - Started MybatisDemoApplication in 6.091 seconds (JVM running for 7.009)
2018-08-07 14:30:12.537 [o.a.c.core.ContainerBase.[Tomcat].[localhost].[/]:180] [INFO ] - Initializing Spring FrameworkServlet 'dispatcherServlet'
2018-08-07 14:30:12.540 [org.springframework.web.servlet.DispatcherServlet:494] [INFO ] - FrameworkServlet 'dispatcherServlet': initialization started
2018-08-07 14:30:12.617 [org.springframework.web.servlet.DispatcherServlet:509] [INFO ] - FrameworkServlet 'dispatcherServlet': initialization completed in 76 ms
