2018-08-06 13:39:43.207 [com.luoxue.mybatis_demo.MybatisDemoApplication:50] [INFO ] - Starting MybatisDemoApplication on Hs with PID 10396 (G:\MyWorkIdea\mybatis_demo\target\classes started by Auser in G:\MyWorkIdea\mybatis_demo)
2018-08-06 13:39:43.229 [com.luoxue.mybatis_demo.MybatisDemoApplication:663] [INFO ] - The following profiles are active: test
2018-08-06 13:39:43.443 [o.s.b.w.s.c.AnnotationConfigServletWebServerApplicationContext:590] [INFO ] - Refreshing org.springframework.boot.web.servlet.context.AnnotationConfigServletWebServerApplicationContext@c95a964: startup date [Mon Aug 06 13:39:43 GMT+08:00 2018]; root of context hierarchy
2018-08-06 13:39:47.547 [o.s.c.s.PostProcessorRegistrationDelegate$BeanPostProcessorChecker:328] [INFO ] - Bean 'org.springframework.transaction.annotation.ProxyTransactionManagementConfiguration' of type [org.springframework.transaction.annotation.ProxyTransactionManagementConfiguration$$EnhancerBySpringCGLIB$$c9301541] is not eligible for getting processed by all BeanPostProcessors (for example: not eligible for auto-proxying)
2018-08-06 13:39:48.754 [o.s.boot.web.embedded.tomcat.TomcatWebServer:91] [INFO ] - Tomcat initialized with port(s): 8090 (http)
2018-08-06 13:39:48.835 [org.apache.coyote.http11.Http11NioProtocol:180] [INFO ] - Initializing ProtocolHandler ["http-nio-8090"]
2018-08-06 13:39:48.887 [org.apache.catalina.core.StandardService:180] [INFO ] - Starting service [Tomcat]
2018-08-06 13:39:48.888 [org.apache.catalina.core.StandardEngine:180] [INFO ] - Starting Servlet Engine: Apache Tomcat/8.5.31
2018-08-06 13:39:48.904 [org.apache.catalina.core.AprLifecycleListener:180] [INFO ] - The APR based Apache Tomcat Native library which allows optimal performance in production environments was not found on the java.library.path: [C:\Program Files\Java\JDK1.8\bin;C:\windows\Sun\Java\bin;C:\windows\system32;C:\windows;E:\mysql\bin;C:\Program Files\Java\jdk1.7.0_79\bin;C:\Program Files (x86)\Intel\iCLS Client\;C:\Program Files\Intel\iCLS Client\;C:\windows\system32;C:\windows;C:\windows\System32\Wbem;C:\windows\System32\WindowsPowerShell\v1.0\;C:\Program Files\Intel\Intel(R) Management Engine Components\DAL;C:\Program Files\Intel\Intel(R) Management Engine Components\IPT;C:\Program Files (x86)\Intel\Intel(R) Management Engine Components\DAL;C:\Program Files (x86)\Intel\Intel(R) Management Engine Components\IPT;C:\Program Files (x86)\Microsoft SQL Server\100\Tools\Binn\VSShell\Common7\IDE\;C:\Program Files (x86)\Microsoft SQL Server\100\Tools\Binn\;C:\Program Files\Microsoft SQL Server\100\Tools\Binn\;C:\Program Files (x86)\Microsoft SQL Server\100\DTS\Binn\;E:\apache-maven-3.2.5\bin;E:\apache-maven-3.2.5\bin;E:\apache-maven-3.2.5\bin;E:\TortoiseSVN\bin;C:\Program Files\Microsoft SQL Server\100\DTS\Binn\;C:\Program Files (x86)\Microsoft Visual Studio 9.0\Common7\IDE\PrivateAssemblies\;C:\Program Files\Git\cmd;.]
2018-08-06 13:39:49.235 [o.a.c.core.ContainerBase.[Tomcat].[localhost].[/]:180] [INFO ] - Initializing Spring embedded WebApplicationContext
2018-08-06 13:39:49.235 [org.springframework.web.context.ContextLoader:285] [INFO ] - Root WebApplicationContext: initialization completed in 5792 ms
2018-08-06 13:39:49.490 [o.s.boot.web.servlet.ServletRegistrationBean:186] [INFO ] - Servlet dispatcherServlet mapped to [/]
2018-08-06 13:39:49.497 [o.s.boot.web.servlet.FilterRegistrationBean:245] [INFO ] - Mapping filter: 'characterEncodingFilter' to: [/*]
2018-08-06 13:39:49.498 [o.s.boot.web.servlet.FilterRegistrationBean:245] [INFO ] - Mapping filter: 'hiddenHttpMethodFilter' to: [/*]
2018-08-06 13:39:49.498 [o.s.boot.web.servlet.FilterRegistrationBean:245] [INFO ] - Mapping filter: 'httpPutFormContentFilter' to: [/*]
2018-08-06 13:39:49.498 [o.s.boot.web.servlet.FilterRegistrationBean:245] [INFO ] - Mapping filter: 'requestContextFilter' to: [/*]
2018-08-06 13:39:50.564 [com.alibaba.druid.pool.DruidDataSource:847] [INFO ] - {dataSource-1} inited
2018-08-06 13:39:51.171 [o.s.orm.jpa.LocalContainerEntityManagerFactoryBean:361] [INFO ] - Building JPA container EntityManagerFactory for persistence unit 'default'
2018-08-06 13:39:51.246 [org.hibernate.jpa.internal.util.LogHelper:31] [INFO ] - HHH000204: Processing PersistenceUnitInfo [
	name: default
	...]
2018-08-06 13:39:51.704 [org.hibernate.Version:45] [INFO ] - HHH000412: Hibernate Core {5.2.17.Final}
2018-08-06 13:39:51.730 [org.hibernate.cfg.Environment:213] [INFO ] - HHH000206: hibernate.properties not found
2018-08-06 13:39:52.093 [org.hibernate.annotations.common.Version:66] [INFO ] - HCANN000001: Hibernate Commons Annotations {5.0.1.Final}
2018-08-06 13:39:52.647 [org.hibernate.dialect.Dialect:157] [INFO ] - HHH000400: Using dialect: org.hibernate.dialect.MySQL5Dialect
2018-08-06 13:39:53.840 [o.s.orm.jpa.LocalContainerEntityManagerFactoryBean:415] [INFO ] - Initialized JPA EntityManagerFactory for persistence unit 'default'
2018-08-06 13:39:54.654 [o.s.web.servlet.handler.SimpleUrlHandlerMapping:373] [INFO ] - Mapped URL path [/**/favicon.ico] onto handler of type [class org.springframework.web.servlet.resource.ResourceHttpRequestHandler]
2018-08-06 13:39:55.353 [o.s.w.s.m.m.a.RequestMappingHandlerAdapter:574] [INFO ] - Looking for @ControllerAdvice: org.springframework.boot.web.servlet.context.AnnotationConfigServletWebServerApplicationContext@c95a964: startup date [Mon Aug 06 13:39:43 GMT+08:00 2018]; root of context hierarchy
2018-08-06 13:39:55.445 [o.s.b.a.o.j.JpaBaseConfiguration$JpaWebConfiguration$JpaWebMvcConfiguration:235] [WARN ] - spring.jpa.open-in-view is enabled by default. Therefore, database queries may be performed during view rendering. Explicitly configure spring.jpa.open-in-view to disable this warning
2018-08-06 13:39:55.515 [o.s.w.s.m.m.a.RequestMappingHandlerMapping:547] [INFO ] - Mapped "{[/]}" onto public java.lang.String com.luoxue.mybatis_demo.controller.DefaultController.index()
2018-08-06 13:39:55.519 [o.s.w.s.m.m.a.RequestMappingHandlerMapping:547] [INFO ] - Mapped "{[/user/login]}" onto public org.springframework.web.servlet.ModelAndView com.luoxue.mybatis_demo.controller.user.UserController.login(java.lang.String,java.lang.String)
2018-08-06 13:39:55.522 [o.s.w.s.m.m.a.RequestMappingHandlerMapping:547] [INFO ] - Mapped "{[/user/info]}" onto public com.luoxue.mybatis_demo.entity.User com.luoxue.mybatis_demo.controller.user.UserController.show()
2018-08-06 13:39:55.525 [o.s.w.s.m.m.a.RequestMappingHandlerMapping:547] [INFO ] - Mapped "{[/error]}" onto public org.springframework.http.ResponseEntity<java.util.Map<java.lang.String, java.lang.Object>> org.springframework.boot.autoconfigure.web.servlet.error.BasicErrorController.error(javax.servlet.http.HttpServletRequest)
2018-08-06 13:39:55.526 [o.s.w.s.m.m.a.RequestMappingHandlerMapping:547] [INFO ] - Mapped "{[/error],produces=[text/html]}" onto public org.springframework.web.servlet.ModelAndView org.springframework.boot.autoconfigure.web.servlet.error.BasicErrorController.errorHtml(javax.servlet.http.HttpServletRequest,javax.servlet.http.HttpServletResponse)
2018-08-06 13:39:55.579 [o.s.web.servlet.handler.SimpleUrlHandlerMapping:373] [INFO ] - Mapped URL path [/webjars/**] onto handler of type [class org.springframework.web.servlet.resource.ResourceHttpRequestHandler]
2018-08-06 13:39:55.579 [o.s.web.servlet.handler.SimpleUrlHandlerMapping:373] [INFO ] - Mapped URL path [/**] onto handler of type [class org.springframework.web.servlet.resource.ResourceHttpRequestHandler]
2018-08-06 13:39:55.694 [o.s.b.a.web.servlet.WelcomePageHandlerMapping:61] [INFO ] - Adding welcome page template: index
2018-08-06 13:39:56.376 [o.s.w.servlet.view.freemarker.FreeMarkerConfigurer:131] [INFO ] - ClassTemplateLoader for Spring macros added to FreeMarker configuration
2018-08-06 13:39:56.756 [o.s.b.d.autoconfigure.OptionalLiveReloadServer:57] [INFO ] - LiveReload server is running on port 35729
2018-08-06 13:39:57.003 [o.s.jmx.export.annotation.AnnotationMBeanExporter:433] [INFO ] - Registering beans for JMX exposure on startup
2018-08-06 13:39:57.006 [o.s.jmx.export.annotation.AnnotationMBeanExporter:895] [INFO ] - Bean with name 'dataSource' has been autodetected for JMX exposure
2018-08-06 13:39:57.017 [o.s.jmx.export.annotation.AnnotationMBeanExporter:668] [INFO ] - Located MBean 'dataSource': registering with JMX server as MBean [com.alibaba.druid.pool:name=dataSource,type=DruidDataSource]
2018-08-06 13:39:57.062 [org.apache.coyote.http11.Http11NioProtocol:180] [INFO ] - Starting ProtocolHandler ["http-nio-8090"]
2018-08-06 13:39:57.080 [org.apache.tomcat.util.net.NioSelectorPool:180] [INFO ] - Using a shared selector for servlet write/read
2018-08-06 13:39:57.138 [o.s.boot.web.embedded.tomcat.TomcatWebServer:206] [INFO ] - Tomcat started on port(s): 8090 (http) with context path ''
2018-08-06 13:39:57.152 [com.luoxue.mybatis_demo.MybatisDemoApplication:59] [INFO ] - Started MybatisDemoApplication in 15.792 seconds (JVM running for 20.253)
2018-08-06 16:28:16.768 [com.luoxue.mybatis_demo.MybatisDemoApplication:50] [INFO ] - Starting MybatisDemoApplication on Hs with PID 17432 (G:\MyWorkIdea\mybatis_demo\target\classes started by Auser in G:\MyWorkIdea\mybatis_demo)
2018-08-06 16:28:16.772 [com.luoxue.mybatis_demo.MybatisDemoApplication:663] [INFO ] - The following profiles are active: test
2018-08-06 16:28:16.901 [o.s.b.w.s.c.AnnotationConfigServletWebServerApplicationContext:590] [INFO ] - Refreshing org.springframework.boot.web.servlet.context.AnnotationConfigServletWebServerApplicationContext@4ea72e23: startup date [Mon Aug 06 16:28:16 GMT+08:00 2018]; root of context hierarchy
2018-08-06 16:28:19.031 [o.s.c.s.PostProcessorRegistrationDelegate$BeanPostProcessorChecker:328] [INFO ] - Bean 'org.springframework.transaction.annotation.ProxyTransactionManagementConfiguration' of type [org.springframework.transaction.annotation.ProxyTransactionManagementConfiguration$$EnhancerBySpringCGLIB$$cd7e447] is not eligible for getting processed by all BeanPostProcessors (for example: not eligible for auto-proxying)
2018-08-06 16:28:19.577 [o.s.boot.web.embedded.tomcat.TomcatWebServer:91] [INFO ] - Tomcat initialized with port(s): 8090 (http)
2018-08-06 16:28:19.607 [org.apache.coyote.http11.Http11NioProtocol:180] [INFO ] - Initializing ProtocolHandler ["http-nio-8090"]
2018-08-06 16:28:19.631 [org.apache.catalina.core.StandardService:180] [INFO ] - Starting service [Tomcat]
2018-08-06 16:28:19.632 [org.apache.catalina.core.StandardEngine:180] [INFO ] - Starting Servlet Engine: Apache Tomcat/8.5.31
2018-08-06 16:28:19.639 [org.apache.catalina.core.AprLifecycleListener:180] [INFO ] - The APR based Apache Tomcat Native library which allows optimal performance in production environments was not found on the java.library.path: [C:\Program Files\Java\JDK1.8\bin;C:\windows\Sun\Java\bin;C:\windows\system32;C:\windows;E:\mysql\bin;C:\Program Files\Java\jdk1.7.0_79\bin;C:\Program Files (x86)\Intel\iCLS Client\;C:\Program Files\Intel\iCLS Client\;C:\windows\system32;C:\windows;C:\windows\System32\Wbem;C:\windows\System32\WindowsPowerShell\v1.0\;C:\Program Files\Intel\Intel(R) Management Engine Components\DAL;C:\Program Files\Intel\Intel(R) Management Engine Components\IPT;C:\Program Files (x86)\Intel\Intel(R) Management Engine Components\DAL;C:\Program Files (x86)\Intel\Intel(R) Management Engine Components\IPT;C:\Program Files (x86)\Microsoft SQL Server\100\Tools\Binn\VSShell\Common7\IDE\;C:\Program Files (x86)\Microsoft SQL Server\100\Tools\Binn\;C:\Program Files\Microsoft SQL Server\100\Tools\Binn\;C:\Program Files (x86)\Microsoft SQL Server\100\DTS\Binn\;E:\apache-maven-3.2.5\bin;E:\apache-maven-3.2.5\bin;E:\apache-maven-3.2.5\bin;E:\TortoiseSVN\bin;C:\Program Files\Microsoft SQL Server\100\DTS\Binn\;C:\Program Files (x86)\Microsoft Visual Studio 9.0\Common7\IDE\PrivateAssemblies\;C:\Program Files\Git\cmd;.]
2018-08-06 16:28:19.769 [o.a.c.core.ContainerBase.[Tomcat].[localhost].[/]:180] [INFO ] - Initializing Spring embedded WebApplicationContext
2018-08-06 16:28:19.770 [org.springframework.web.context.ContextLoader:285] [INFO ] - Root WebApplicationContext: initialization completed in 2870 ms
2018-08-06 16:28:19.982 [o.s.boot.web.servlet.ServletRegistrationBean:186] [INFO ] - Servlet dispatcherServlet mapped to [/]
2018-08-06 16:28:19.989 [o.s.boot.web.servlet.FilterRegistrationBean:245] [INFO ] - Mapping filter: 'characterEncodingFilter' to: [/*]
2018-08-06 16:28:19.990 [o.s.boot.web.servlet.FilterRegistrationBean:245] [INFO ] - Mapping filter: 'hiddenHttpMethodFilter' to: [/*]
2018-08-06 16:28:19.990 [o.s.boot.web.servlet.FilterRegistrationBean:245] [INFO ] - Mapping filter: 'httpPutFormContentFilter' to: [/*]
2018-08-06 16:28:19.990 [o.s.boot.web.servlet.FilterRegistrationBean:245] [INFO ] - Mapping filter: 'requestContextFilter' to: [/*]
2018-08-06 16:28:20.326 [com.alibaba.druid.pool.DruidDataSource:847] [INFO ] - {dataSource-1} inited
2018-08-06 16:28:20.745 [o.s.orm.jpa.LocalContainerEntityManagerFactoryBean:361] [INFO ] - Building JPA container EntityManagerFactory for persistence unit 'default'
2018-08-06 16:28:20.760 [org.hibernate.jpa.internal.util.LogHelper:31] [INFO ] - HHH000204: Processing PersistenceUnitInfo [
	name: default
	...]
2018-08-06 16:28:20.837 [org.hibernate.Version:45] [INFO ] - HHH000412: Hibernate Core {5.2.17.Final}
2018-08-06 16:28:20.839 [org.hibernate.cfg.Environment:213] [INFO ] - HHH000206: hibernate.properties not found
2018-08-06 16:28:20.918 [org.hibernate.annotations.common.Version:66] [INFO ] - HCANN000001: Hibernate Commons Annotations {5.0.1.Final}
2018-08-06 16:28:21.079 [org.hibernate.dialect.Dialect:157] [INFO ] - HHH000400: Using dialect: org.hibernate.dialect.MySQL5Dialect
2018-08-06 16:28:21.319 [o.s.orm.jpa.LocalContainerEntityManagerFactoryBean:415] [INFO ] - Initialized JPA EntityManagerFactory for persistence unit 'default'
2018-08-06 16:28:21.756 [o.s.web.servlet.handler.SimpleUrlHandlerMapping:373] [INFO ] - Mapped URL path [/**/favicon.ico] onto handler of type [class org.springframework.web.servlet.resource.ResourceHttpRequestHandler]
2018-08-06 16:28:22.120 [o.s.w.s.m.m.a.RequestMappingHandlerAdapter:574] [INFO ] - Looking for @ControllerAdvice: org.springframework.boot.web.servlet.context.AnnotationConfigServletWebServerApplicationContext@4ea72e23: startup date [Mon Aug 06 16:28:16 GMT+08:00 2018]; root of context hierarchy
2018-08-06 16:28:22.162 [o.s.b.a.o.j.JpaBaseConfiguration$JpaWebConfiguration$JpaWebMvcConfiguration:235] [WARN ] - spring.jpa.open-in-view is enabled by default. Therefore, database queries may be performed during view rendering. Explicitly configure spring.jpa.open-in-view to disable this warning
2018-08-06 16:28:22.221 [o.s.w.s.m.m.a.RequestMappingHandlerMapping:547] [INFO ] - Mapped "{[/]}" onto public java.lang.String com.luoxue.mybatis_demo.controller.DefaultController.index()
2018-08-06 16:28:22.225 [o.s.w.s.m.m.a.RequestMappingHandlerMapping:547] [INFO ] - Mapped "{[/user/login]}" onto public org.springframework.web.servlet.ModelAndView com.luoxue.mybatis_demo.controller.user.UserController.login(java.lang.String,java.lang.String)
2018-08-06 16:28:22.228 [o.s.w.s.m.m.a.RequestMappingHandlerMapping:547] [INFO ] - Mapped "{[/user/info]}" onto public com.luoxue.mybatis_demo.entity.User com.luoxue.mybatis_demo.controller.user.UserController.show()
2018-08-06 16:28:22.231 [o.s.w.s.m.m.a.RequestMappingHandlerMapping:547] [INFO ] - Mapped "{[/error]}" onto public org.springframework.http.ResponseEntity<java.util.Map<java.lang.String, java.lang.Object>> org.springframework.boot.autoconfigure.web.servlet.error.BasicErrorController.error(javax.servlet.http.HttpServletRequest)
2018-08-06 16:28:22.232 [o.s.w.s.m.m.a.RequestMappingHandlerMapping:547] [INFO ] - Mapped "{[/error],produces=[text/html]}" onto public org.springframework.web.servlet.ModelAndView org.springframework.boot.autoconfigure.web.servlet.error.BasicErrorController.errorHtml(javax.servlet.http.HttpServletRequest,javax.servlet.http.HttpServletResponse)
2018-08-06 16:28:22.279 [o.s.web.servlet.handler.SimpleUrlHandlerMapping:373] [INFO ] - Mapped URL path [/webjars/**] onto handler of type [class org.springframework.web.servlet.resource.ResourceHttpRequestHandler]
2018-08-06 16:28:22.279 [o.s.web.servlet.handler.SimpleUrlHandlerMapping:373] [INFO ] - Mapped URL path [/**] onto handler of type [class org.springframework.web.servlet.resource.ResourceHttpRequestHandler]
2018-08-06 16:28:22.405 [o.s.b.a.web.servlet.WelcomePageHandlerMapping:61] [INFO ] - Adding welcome page template: index
2018-08-06 16:28:22.665 [o.s.w.servlet.view.freemarker.FreeMarkerConfigurer:131] [INFO ] - ClassTemplateLoader for Spring macros added to FreeMarker configuration
2018-08-06 16:28:22.909 [o.s.b.d.autoconfigure.OptionalLiveReloadServer:57] [INFO ] - LiveReload server is running on port 35729
2018-08-06 16:28:22.962 [o.s.jmx.export.annotation.AnnotationMBeanExporter:433] [INFO ] - Registering beans for JMX exposure on startup
2018-08-06 16:28:22.965 [o.s.jmx.export.annotation.AnnotationMBeanExporter:895] [INFO ] - Bean with name 'dataSource' has been autodetected for JMX exposure
2018-08-06 16:28:22.974 [o.s.jmx.export.annotation.AnnotationMBeanExporter:668] [INFO ] - Located MBean 'dataSource': registering with JMX server as MBean [com.alibaba.druid.pool:name=dataSource,type=DruidDataSource]
2018-08-06 16:28:22.989 [org.apache.coyote.http11.Http11NioProtocol:180] [INFO ] - Starting ProtocolHandler ["http-nio-8090"]
2018-08-06 16:28:23.001 [org.apache.tomcat.util.net.NioSelectorPool:180] [INFO ] - Using a shared selector for servlet write/read
2018-08-06 16:28:23.024 [o.s.boot.web.embedded.tomcat.TomcatWebServer:206] [INFO ] - Tomcat started on port(s): 8090 (http) with context path ''
2018-08-06 16:28:23.030 [com.luoxue.mybatis_demo.MybatisDemoApplication:59] [INFO ] - Started MybatisDemoApplication in 7.217 seconds (JVM running for 9.864)
2018-08-06 16:29:14.187 [o.a.c.core.ContainerBase.[Tomcat].[localhost].[/]:180] [INFO ] - Initializing Spring FrameworkServlet 'dispatcherServlet'
2018-08-06 16:29:14.188 [org.springframework.web.servlet.DispatcherServlet:494] [INFO ] - FrameworkServlet 'dispatcherServlet': initialization started
2018-08-06 16:29:14.304 [org.springframework.web.servlet.DispatcherServlet:509] [INFO ] - FrameworkServlet 'dispatcherServlet': initialization completed in 116 ms
2018-08-06 16:30:34.374 [com.luoxue.mybatis_demo.MybatisDemoApplication:50] [INFO ] - Starting MybatisDemoApplication on Hs with PID 14916 (G:\MyWorkIdea\mybatis_demo\target\classes started by Auser in G:\MyWorkIdea\mybatis_demo)
2018-08-06 16:30:34.379 [com.luoxue.mybatis_demo.MybatisDemoApplication:663] [INFO ] - The following profiles are active: prd
2018-08-06 16:30:34.461 [o.s.b.w.s.c.AnnotationConfigServletWebServerApplicationContext:590] [INFO ] - Refreshing org.springframework.boot.web.servlet.context.AnnotationConfigServletWebServerApplicationContext@586ac538: startup date [Mon Aug 06 16:30:34 GMT+08:00 2018]; root of context hierarchy
2018-08-06 16:30:36.366 [o.s.c.s.PostProcessorRegistrationDelegate$BeanPostProcessorChecker:328] [INFO ] - Bean 'org.springframework.transaction.annotation.ProxyTransactionManagementConfiguration' of type [org.springframework.transaction.annotation.ProxyTransactionManagementConfiguration$$EnhancerBySpringCGLIB$$4c4e23f6] is not eligible for getting processed by all BeanPostProcessors (for example: not eligible for auto-proxying)
2018-08-06 16:30:36.842 [o.s.boot.web.embedded.tomcat.TomcatWebServer:91] [INFO ] - Tomcat initialized with port(s): 8090 (http)
2018-08-06 16:30:36.858 [org.apache.coyote.http11.Http11NioProtocol:180] [INFO ] - Initializing ProtocolHandler ["http-nio-8090"]
2018-08-06 16:30:36.873 [org.apache.catalina.core.StandardService:180] [INFO ] - Starting service [Tomcat]
2018-08-06 16:30:36.874 [org.apache.catalina.core.StandardEngine:180] [INFO ] - Starting Servlet Engine: Apache Tomcat/8.5.31
2018-08-06 16:30:36.879 [org.apache.catalina.core.AprLifecycleListener:180] [INFO ] - The APR based Apache Tomcat Native library which allows optimal performance in production environments was not found on the java.library.path: [C:\Program Files\Java\JDK1.8\bin;C:\windows\Sun\Java\bin;C:\windows\system32;C:\windows;E:\mysql\bin;C:\Program Files\Java\jdk1.7.0_79\bin;C:\Program Files (x86)\Intel\iCLS Client\;C:\Program Files\Intel\iCLS Client\;C:\windows\system32;C:\windows;C:\windows\System32\Wbem;C:\windows\System32\WindowsPowerShell\v1.0\;C:\Program Files\Intel\Intel(R) Management Engine Components\DAL;C:\Program Files\Intel\Intel(R) Management Engine Components\IPT;C:\Program Files (x86)\Intel\Intel(R) Management Engine Components\DAL;C:\Program Files (x86)\Intel\Intel(R) Management Engine Components\IPT;C:\Program Files (x86)\Microsoft SQL Server\100\Tools\Binn\VSShell\Common7\IDE\;C:\Program Files (x86)\Microsoft SQL Server\100\Tools\Binn\;C:\Program Files\Microsoft SQL Server\100\Tools\Binn\;C:\Program Files (x86)\Microsoft SQL Server\100\DTS\Binn\;E:\apache-maven-3.2.5\bin;E:\apache-maven-3.2.5\bin;E:\apache-maven-3.2.5\bin;E:\TortoiseSVN\bin;C:\Program Files\Microsoft SQL Server\100\DTS\Binn\;C:\Program Files (x86)\Microsoft Visual Studio 9.0\Common7\IDE\PrivateAssemblies\;C:\Program Files\Git\cmd;.]
2018-08-06 16:30:36.999 [o.a.c.core.ContainerBase.[Tomcat].[localhost].[/]:180] [INFO ] - Initializing Spring embedded WebApplicationContext
2018-08-06 16:30:36.999 [org.springframework.web.context.ContextLoader:285] [INFO ] - Root WebApplicationContext: initialization completed in 2538 ms
2018-08-06 16:30:37.199 [o.s.boot.web.servlet.ServletRegistrationBean:186] [INFO ] - Servlet dispatcherServlet mapped to [/]
2018-08-06 16:30:37.206 [o.s.boot.web.servlet.FilterRegistrationBean:245] [INFO ] - Mapping filter: 'characterEncodingFilter' to: [/*]
2018-08-06 16:30:37.207 [o.s.boot.web.servlet.FilterRegistrationBean:245] [INFO ] - Mapping filter: 'hiddenHttpMethodFilter' to: [/*]
2018-08-06 16:30:37.207 [o.s.boot.web.servlet.FilterRegistrationBean:245] [INFO ] - Mapping filter: 'httpPutFormContentFilter' to: [/*]
2018-08-06 16:30:37.207 [o.s.boot.web.servlet.FilterRegistrationBean:245] [INFO ] - Mapping filter: 'requestContextFilter' to: [/*]
2018-08-06 16:30:37.522 [com.alibaba.druid.pool.DruidDataSource:847] [INFO ] - {dataSource-1} inited
2018-08-06 16:30:38.623 [o.s.orm.jpa.LocalContainerEntityManagerFactoryBean:361] [INFO ] - Building JPA container EntityManagerFactory for persistence unit 'default'
2018-08-06 16:30:38.638 [org.hibernate.jpa.internal.util.LogHelper:31] [INFO ] - HHH000204: Processing PersistenceUnitInfo [
	name: default
	...]
2018-08-06 16:30:38.720 [org.hibernate.Version:45] [INFO ] - HHH000412: Hibernate Core {5.2.17.Final}
2018-08-06 16:30:38.722 [org.hibernate.cfg.Environment:213] [INFO ] - HHH000206: hibernate.properties not found
2018-08-06 16:30:38.773 [org.hibernate.annotations.common.Version:66] [INFO ] - HCANN000001: Hibernate Commons Annotations {5.0.1.Final}
2018-08-06 16:30:38.934 [org.hibernate.dialect.Dialect:157] [INFO ] - HHH000400: Using dialect: org.hibernate.dialect.MySQL5Dialect
2018-08-06 16:30:39.182 [o.s.orm.jpa.LocalContainerEntityManagerFactoryBean:415] [INFO ] - Initialized JPA EntityManagerFactory for persistence unit 'default'
2018-08-06 16:30:39.586 [o.s.web.servlet.handler.SimpleUrlHandlerMapping:373] [INFO ] - Mapped URL path [/**/favicon.ico] onto handler of type [class org.springframework.web.servlet.resource.ResourceHttpRequestHandler]
2018-08-06 16:30:39.967 [o.s.w.s.m.m.a.RequestMappingHandlerAdapter:574] [INFO ] - Looking for @ControllerAdvice: org.springframework.boot.web.servlet.context.AnnotationConfigServletWebServerApplicationContext@586ac538: startup date [Mon Aug 06 16:30:34 GMT+08:00 2018]; root of context hierarchy
2018-08-06 16:30:40.009 [o.s.b.a.o.j.JpaBaseConfiguration$JpaWebConfiguration$JpaWebMvcConfiguration:235] [WARN ] - spring.jpa.open-in-view is enabled by default. Therefore, database queries may be performed during view rendering. Explicitly configure spring.jpa.open-in-view to disable this warning
2018-08-06 16:30:40.064 [o.s.w.s.m.m.a.RequestMappingHandlerMapping:547] [INFO ] - Mapped "{[/]}" onto public java.lang.String com.luoxue.mybatis_demo.controller.DefaultController.index()
2018-08-06 16:30:40.067 [o.s.w.s.m.m.a.RequestMappingHandlerMapping:547] [INFO ] - Mapped "{[/user/info]}" onto public com.luoxue.mybatis_demo.entity.User com.luoxue.mybatis_demo.controller.user.UserController.show()
2018-08-06 16:30:40.071 [o.s.w.s.m.m.a.RequestMappingHandlerMapping:547] [INFO ] - Mapped "{[/user/login]}" onto public org.springframework.web.servlet.ModelAndView com.luoxue.mybatis_demo.controller.user.UserController.login(java.lang.String,java.lang.String)
2018-08-06 16:30:40.075 [o.s.w.s.m.m.a.RequestMappingHandlerMapping:547] [INFO ] - Mapped "{[/error]}" onto public org.springframework.http.ResponseEntity<java.util.Map<java.lang.String, java.lang.Object>> org.springframework.boot.autoconfigure.web.servlet.error.BasicErrorController.error(javax.servlet.http.HttpServletRequest)
2018-08-06 16:30:40.076 [o.s.w.s.m.m.a.RequestMappingHandlerMapping:547] [INFO ] - Mapped "{[/error],produces=[text/html]}" onto public org.springframework.web.servlet.ModelAndView org.springframework.boot.autoconfigure.web.servlet.error.BasicErrorController.errorHtml(javax.servlet.http.HttpServletRequest,javax.servlet.http.HttpServletResponse)
2018-08-06 16:30:40.126 [o.s.web.servlet.handler.SimpleUrlHandlerMapping:373] [INFO ] - Mapped URL path [/webjars/**] onto handler of type [class org.springframework.web.servlet.resource.ResourceHttpRequestHandler]
2018-08-06 16:30:40.126 [o.s.web.servlet.handler.SimpleUrlHandlerMapping:373] [INFO ] - Mapped URL path [/**] onto handler of type [class org.springframework.web.servlet.resource.ResourceHttpRequestHandler]
2018-08-06 16:30:40.249 [o.s.b.a.web.servlet.WelcomePageHandlerMapping:61] [INFO ] - Adding welcome page template: index
2018-08-06 16:30:40.530 [o.s.w.servlet.view.freemarker.FreeMarkerConfigurer:131] [INFO ] - ClassTemplateLoader for Spring macros added to FreeMarker configuration
2018-08-06 16:30:40.757 [o.s.b.d.autoconfigure.OptionalLiveReloadServer:57] [INFO ] - LiveReload server is running on port 35729
2018-08-06 16:30:40.812 [o.s.jmx.export.annotation.AnnotationMBeanExporter:433] [INFO ] - Registering beans for JMX exposure on startup
2018-08-06 16:30:40.814 [o.s.jmx.export.annotation.AnnotationMBeanExporter:895] [INFO ] - Bean with name 'dataSource' has been autodetected for JMX exposure
2018-08-06 16:30:40.824 [o.s.jmx.export.annotation.AnnotationMBeanExporter:668] [INFO ] - Located MBean 'dataSource': registering with JMX server as MBean [com.alibaba.druid.pool:name=dataSource,type=DruidDataSource]
2018-08-06 16:30:40.838 [org.apache.coyote.http11.Http11NioProtocol:180] [INFO ] - Starting ProtocolHandler ["http-nio-8090"]
2018-08-06 16:30:40.850 [org.apache.tomcat.util.net.NioSelectorPool:180] [INFO ] - Using a shared selector for servlet write/read
2018-08-06 16:30:40.871 [o.s.boot.web.embedded.tomcat.TomcatWebServer:206] [INFO ] - Tomcat started on port(s): 8090 (http) with context path ''
2018-08-06 16:30:40.877 [com.luoxue.mybatis_demo.MybatisDemoApplication:59] [INFO ] - Started MybatisDemoApplication in 7.097 seconds (JVM running for 9.737)
2018-08-06 16:30:46.807 [o.a.c.core.ContainerBase.[Tomcat].[localhost].[/]:180] [INFO ] - Initializing Spring FrameworkServlet 'dispatcherServlet'
2018-08-06 16:30:46.808 [org.springframework.web.servlet.DispatcherServlet:494] [INFO ] - FrameworkServlet 'dispatcherServlet': initialization started
2018-08-06 16:30:46.840 [org.springframework.web.servlet.DispatcherServlet:509] [INFO ] - FrameworkServlet 'dispatcherServlet': initialization completed in 31 ms
2018-08-06 16:32:24.968 [o.s.b.t.context.SpringBootTestContextBootstrapper:308] [INFO ] - Neither @ContextConfiguration nor @ContextHierarchy found for test class [com.luoxue.mybatis_demo.MybatisDemoApplicationTests], using SpringBootContextLoader
2018-08-06 16:32:24.980 [o.s.test.context.support.AbstractContextLoader:264] [INFO ] - Could not detect default resource locations for test class [com.luoxue.mybatis_demo.MybatisDemoApplicationTests]: no resource found for suffixes {-context.xml, Context.groovy}.
2018-08-06 16:32:24.981 [o.s.t.c.support.AnnotationConfigContextLoaderUtils:83] [INFO ] - Could not detect default configuration classes for test class [com.luoxue.mybatis_demo.MybatisDemoApplicationTests]: MybatisDemoApplicationTests does not declare any static, non-private, non-final, nested classes annotated with @Configuration.
2018-08-06 16:32:25.428 [o.s.b.t.context.SpringBootTestContextBootstrapper:244] [INFO ] - Found @SpringBootConfiguration com.luoxue.mybatis_demo.MybatisDemoApplication for test class com.luoxue.mybatis_demo.MybatisDemoApplicationTests
2018-08-06 16:32:25.613 [o.s.b.t.context.SpringBootTestContextBootstrapper:248] [INFO ] - Loaded default TestExecutionListener class names from location [META-INF/spring.factories]: [org.springframework.boot.test.mock.mockito.MockitoTestExecutionListener, org.springframework.boot.test.mock.mockito.ResetMocksTestExecutionListener, org.springframework.boot.test.autoconfigure.restdocs.RestDocsTestExecutionListener, org.springframework.boot.test.autoconfigure.web.client.MockRestServiceServerResetTestExecutionListener, org.springframework.boot.test.autoconfigure.web.servlet.MockMvcPrintOnlyOnFailureTestExecutionListener, org.springframework.boot.test.autoconfigure.web.servlet.WebDriverTestExecutionListener, org.springframework.test.context.web.ServletTestExecutionListener, org.springframework.test.context.support.DirtiesContextBeforeModesTestExecutionListener, org.springframework.test.context.support.DependencyInjectionTestExecutionListener, org.springframework.test.context.support.DirtiesContextTestExecutionListener, org.springframework.test.context.transaction.TransactionalTestExecutionListener, org.springframework.test.context.jdbc.SqlScriptsTestExecutionListener]
2018-08-06 16:32:25.648 [o.s.b.t.context.SpringBootTestContextBootstrapper:177] [INFO ] - Using TestExecutionListeners: [org.springframework.test.context.web.ServletTestExecutionListener@c88a337, org.springframework.test.context.support.DirtiesContextBeforeModesTestExecutionListener@5d0a1059, org.springframework.boot.test.mock.mockito.MockitoTestExecutionListener@485966cc, org.springframework.boot.test.autoconfigure.SpringBootDependencyInjectionTestExecutionListener@1de76cc7, org.springframework.test.context.support.DirtiesContextTestExecutionListener@54bff557, org.springframework.test.context.transaction.TransactionalTestExecutionListener@593aaf41, org.springframework.test.context.jdbc.SqlScriptsTestExecutionListener@5a56cdac, org.springframework.boot.test.mock.mockito.ResetMocksTestExecutionListener@7c711375, org.springframework.boot.test.autoconfigure.restdocs.RestDocsTestExecutionListener@57cf54e1, org.springframework.boot.test.autoconfigure.web.client.MockRestServiceServerResetTestExecutionListener@5b03b9fe, org.springframework.boot.test.autoconfigure.web.servlet.MockMvcPrintOnlyOnFailureTestExecutionListener@37d4349f, org.springframework.boot.test.autoconfigure.web.servlet.WebDriverTestExecutionListener@434a63ab]
2018-08-06 16:32:26.464 [c.luoxue.mybatis_demo.MybatisDemoApplicationTests:50] [INFO ] - Starting MybatisDemoApplicationTests on Hs with PID 15908 (started by Auser in G:\MyWorkIdea\mybatis_demo)
2018-08-06 16:32:26.466 [c.luoxue.mybatis_demo.MybatisDemoApplicationTests:663] [INFO ] - The following profiles are active: prd
2018-08-06 16:32:26.640 [o.s.w.context.support.GenericWebApplicationContext:590] [INFO ] - Refreshing org.springframework.web.context.support.GenericWebApplicationContext@2d778add: startup date [Mon Aug 06 16:32:26 GMT+08:00 2018]; root of context hierarchy
2018-08-06 16:32:28.980 [o.s.c.s.PostProcessorRegistrationDelegate$BeanPostProcessorChecker:328] [INFO ] - Bean 'org.springframework.transaction.annotation.ProxyTransactionManagementConfiguration' of type [org.springframework.transaction.annotation.ProxyTransactionManagementConfiguration$$EnhancerBySpringCGLIB$$1be26b7b] is not eligible for getting processed by all BeanPostProcessors (for example: not eligible for auto-proxying)
2018-08-06 16:32:30.124 [com.alibaba.druid.pool.DruidDataSource:847] [INFO ] - {dataSource-1} inited
2018-08-06 16:32:31.491 [o.s.orm.jpa.LocalContainerEntityManagerFactoryBean:361] [INFO ] - Building JPA container EntityManagerFactory for persistence unit 'default'
2018-08-06 16:32:31.524 [org.hibernate.jpa.internal.util.LogHelper:31] [INFO ] - HHH000204: Processing PersistenceUnitInfo [
	name: default
	...]
2018-08-06 16:32:31.668 [org.hibernate.Version:45] [INFO ] - HHH000412: Hibernate Core {5.2.17.Final}
2018-08-06 16:32:31.671 [org.hibernate.cfg.Environment:213] [INFO ] - HHH000206: hibernate.properties not found
2018-08-06 16:32:31.810 [org.hibernate.annotations.common.Version:66] [INFO ] - HCANN000001: Hibernate Commons Annotations {5.0.1.Final}
2018-08-06 16:32:32.155 [org.hibernate.dialect.Dialect:157] [INFO ] - HHH000400: Using dialect: org.hibernate.dialect.MySQL5Dialect
2018-08-06 16:32:32.820 [o.s.orm.jpa.LocalContainerEntityManagerFactoryBean:415] [INFO ] - Initialized JPA EntityManagerFactory for persistence unit 'default'
2018-08-06 16:32:33.749 [o.s.web.servlet.handler.SimpleUrlHandlerMapping:373] [INFO ] - Mapped URL path [/**/favicon.ico] onto handler of type [class org.springframework.web.servlet.resource.ResourceHttpRequestHandler]
2018-08-06 16:32:34.528 [o.s.w.s.m.m.a.RequestMappingHandlerAdapter:574] [INFO ] - Looking for @ControllerAdvice: org.springframework.web.context.support.GenericWebApplicationContext@2d778add: startup date [Mon Aug 06 16:32:26 GMT+08:00 2018]; root of context hierarchy
2018-08-06 16:32:34.699 [o.s.b.a.o.j.JpaBaseConfiguration$JpaWebConfiguration$JpaWebMvcConfiguration:235] [WARN ] - spring.jpa.open-in-view is enabled by default. Therefore, database queries may be performed during view rendering. Explicitly configure spring.jpa.open-in-view to disable this warning
2018-08-06 16:32:34.802 [o.s.w.s.m.m.a.RequestMappingHandlerMapping:547] [INFO ] - Mapped "{[/]}" onto public java.lang.String com.luoxue.mybatis_demo.controller.DefaultController.index()
2018-08-06 16:32:34.805 [o.s.w.s.m.m.a.RequestMappingHandlerMapping:547] [INFO ] - Mapped "{[/user/login]}" onto public org.springframework.web.servlet.ModelAndView com.luoxue.mybatis_demo.controller.user.UserController.login(java.lang.String,java.lang.String)
2018-08-06 16:32:34.808 [o.s.w.s.m.m.a.RequestMappingHandlerMapping:547] [INFO ] - Mapped "{[/user/info]}" onto public com.luoxue.mybatis_demo.entity.User com.luoxue.mybatis_demo.controller.user.UserController.show()
2018-08-06 16:32:34.818 [o.s.w.s.m.m.a.RequestMappingHandlerMapping:547] [INFO ] - Mapped "{[/error]}" onto public org.springframework.http.ResponseEntity<java.util.Map<java.lang.String, java.lang.Object>> org.springframework.boot.autoconfigure.web.servlet.error.BasicErrorController.error(javax.servlet.http.HttpServletRequest)
2018-08-06 16:32:34.820 [o.s.w.s.m.m.a.RequestMappingHandlerMapping:547] [INFO ] - Mapped "{[/error],produces=[text/html]}" onto public org.springframework.web.servlet.ModelAndView org.springframework.boot.autoconfigure.web.servlet.error.BasicErrorController.errorHtml(javax.servlet.http.HttpServletRequest,javax.servlet.http.HttpServletResponse)
2018-08-06 16:32:34.894 [o.s.web.servlet.handler.SimpleUrlHandlerMapping:373] [INFO ] - Mapped URL path [/webjars/**] onto handler of type [class org.springframework.web.servlet.resource.ResourceHttpRequestHandler]
2018-08-06 16:32:34.896 [o.s.web.servlet.handler.SimpleUrlHandlerMapping:373] [INFO ] - Mapped URL path [/**] onto handler of type [class org.springframework.web.servlet.resource.ResourceHttpRequestHandler]
2018-08-06 16:32:35.183 [o.s.b.a.web.servlet.WelcomePageHandlerMapping:61] [INFO ] - Adding welcome page template: index
2018-08-06 16:32:37.338 [o.s.w.servlet.view.freemarker.FreeMarkerConfigurer:131] [INFO ] - ClassTemplateLoader for Spring macros added to FreeMarker configuration
2018-08-06 16:32:37.612 [c.luoxue.mybatis_demo.MybatisDemoApplicationTests:59] [INFO ] - Started MybatisDemoApplicationTests in 11.854 seconds (JVM running for 13.967)
2018-08-06 16:32:41.101 [o.s.w.context.support.GenericWebApplicationContext:993] [INFO ] - Closing org.springframework.web.context.support.GenericWebApplicationContext@2d778add: startup date [Mon Aug 06 16:32:26 GMT+08:00 2018]; root of context hierarchy
2018-08-06 16:32:41.107 [o.s.orm.jpa.LocalContainerEntityManagerFactoryBean:597] [INFO ] - Closing JPA EntityManagerFactory for persistence unit 'default'
2018-08-06 16:32:41.114 [com.alibaba.druid.pool.DruidDataSource:1608] [INFO ] - {dataSource-1} closed
2018-08-06 16:49:20.809 [com.luoxue.mybatis_demo.MybatisDemoApplication:50] [INFO ] - Starting MybatisDemoApplication on Hs with PID 18788 (G:\MyWorkIdea\mybatis_demo\target\classes started by Auser in G:\MyWorkIdea\mybatis_demo)
2018-08-06 16:49:20.814 [com.luoxue.mybatis_demo.MybatisDemoApplication:663] [INFO ] - The following profiles are active: prd
2018-08-06 16:49:20.956 [o.s.b.w.s.c.AnnotationConfigServletWebServerApplicationContext:590] [INFO ] - Refreshing org.springframework.boot.web.servlet.context.AnnotationConfigServletWebServerApplicationContext@505ba32a: startup date [Mon Aug 06 16:49:20 GMT+08:00 2018]; root of context hierarchy
2018-08-06 16:49:22.767 [o.s.c.s.PostProcessorRegistrationDelegate$BeanPostProcessorChecker:328] [INFO ] - Bean 'org.springframework.transaction.annotation.ProxyTransactionManagementConfiguration' of type [org.springframework.transaction.annotation.ProxyTransactionManagementConfiguration$$EnhancerBySpringCGLIB$$be22e4ee] is not eligible for getting processed by all BeanPostProcessors (for example: not eligible for auto-proxying)
2018-08-06 16:49:23.239 [o.s.boot.web.embedded.tomcat.TomcatWebServer:91] [INFO ] - Tomcat initialized with port(s): 8090 (http)
2018-08-06 16:49:23.255 [org.apache.coyote.http11.Http11NioProtocol:180] [INFO ] - Initializing ProtocolHandler ["http-nio-8090"]
2018-08-06 16:49:23.270 [org.apache.catalina.core.StandardService:180] [INFO ] - Starting service [Tomcat]
2018-08-06 16:49:23.271 [org.apache.catalina.core.StandardEngine:180] [INFO ] - Starting Servlet Engine: Apache Tomcat/8.5.31
2018-08-06 16:49:23.278 [org.apache.catalina.core.AprLifecycleListener:180] [INFO ] - The APR based Apache Tomcat Native library which allows optimal performance in production environments was not found on the java.library.path: [C:\Program Files\Java\JDK1.8\bin;C:\windows\Sun\Java\bin;C:\windows\system32;C:\windows;E:\mysql\bin;C:\Program Files\Java\jdk1.7.0_79\bin;C:\Program Files (x86)\Intel\iCLS Client\;C:\Program Files\Intel\iCLS Client\;C:\windows\system32;C:\windows;C:\windows\System32\Wbem;C:\windows\System32\WindowsPowerShell\v1.0\;C:\Program Files\Intel\Intel(R) Management Engine Components\DAL;C:\Program Files\Intel\Intel(R) Management Engine Components\IPT;C:\Program Files (x86)\Intel\Intel(R) Management Engine Components\DAL;C:\Program Files (x86)\Intel\Intel(R) Management Engine Components\IPT;C:\Program Files (x86)\Microsoft SQL Server\100\Tools\Binn\VSShell\Common7\IDE\;C:\Program Files (x86)\Microsoft SQL Server\100\Tools\Binn\;C:\Program Files\Microsoft SQL Server\100\Tools\Binn\;C:\Program Files (x86)\Microsoft SQL Server\100\DTS\Binn\;E:\apache-maven-3.2.5\bin;E:\apache-maven-3.2.5\bin;E:\apache-maven-3.2.5\bin;E:\TortoiseSVN\bin;C:\Program Files\Microsoft SQL Server\100\DTS\Binn\;C:\Program Files (x86)\Microsoft Visual Studio 9.0\Common7\IDE\PrivateAssemblies\;C:\Program Files\Git\cmd;.]
2018-08-06 16:49:23.395 [o.a.c.core.ContainerBase.[Tomcat].[localhost].[/]:180] [INFO ] - Initializing Spring embedded WebApplicationContext
2018-08-06 16:49:23.395 [org.springframework.web.context.ContextLoader:285] [INFO ] - Root WebApplicationContext: initialization completed in 2439 ms
2018-08-06 16:49:23.589 [o.s.boot.web.servlet.ServletRegistrationBean:186] [INFO ] - Servlet dispatcherServlet mapped to [/]
2018-08-06 16:49:23.595 [o.s.boot.web.servlet.FilterRegistrationBean:245] [INFO ] - Mapping filter: 'characterEncodingFilter' to: [/*]
2018-08-06 16:49:23.596 [o.s.boot.web.servlet.FilterRegistrationBean:245] [INFO ] - Mapping filter: 'hiddenHttpMethodFilter' to: [/*]
2018-08-06 16:49:23.596 [o.s.boot.web.servlet.FilterRegistrationBean:245] [INFO ] - Mapping filter: 'httpPutFormContentFilter' to: [/*]
2018-08-06 16:49:23.597 [o.s.boot.web.servlet.FilterRegistrationBean:245] [INFO ] - Mapping filter: 'requestContextFilter' to: [/*]
2018-08-06 16:49:23.902 [com.alibaba.druid.pool.DruidDataSource:847] [INFO ] - {dataSource-1} inited
2018-08-06 16:49:24.830 [o.s.orm.jpa.LocalContainerEntityManagerFactoryBean:361] [INFO ] - Building JPA container EntityManagerFactory for persistence unit 'default'
2018-08-06 16:49:24.844 [org.hibernate.jpa.internal.util.LogHelper:31] [INFO ] - HHH000204: Processing PersistenceUnitInfo [
	name: default
	...]
2018-08-06 16:49:24.925 [org.hibernate.Version:45] [INFO ] - HHH000412: Hibernate Core {5.2.17.Final}
2018-08-06 16:49:24.928 [org.hibernate.cfg.Environment:213] [INFO ] - HHH000206: hibernate.properties not found
2018-08-06 16:49:24.977 [org.hibernate.annotations.common.Version:66] [INFO ] - HCANN000001: Hibernate Commons Annotations {5.0.1.Final}
2018-08-06 16:49:25.135 [org.hibernate.dialect.Dialect:157] [INFO ] - HHH000400: Using dialect: org.hibernate.dialect.MySQL5Dialect
2018-08-06 16:49:25.378 [o.s.orm.jpa.LocalContainerEntityManagerFactoryBean:415] [INFO ] - Initialized JPA EntityManagerFactory for persistence unit 'default'
2018-08-06 16:49:25.746 [o.s.web.servlet.handler.SimpleUrlHandlerMapping:373] [INFO ] - Mapped URL path [/**/favicon.ico] onto handler of type [class org.springframework.web.servlet.resource.ResourceHttpRequestHandler]
2018-08-06 16:49:26.127 [o.s.w.s.m.m.a.RequestMappingHandlerAdapter:574] [INFO ] - Looking for @ControllerAdvice: org.springframework.boot.web.servlet.context.AnnotationConfigServletWebServerApplicationContext@505ba32a: startup date [Mon Aug 06 16:49:20 GMT+08:00 2018]; root of context hierarchy
2018-08-06 16:49:26.170 [o.s.b.a.o.j.JpaBaseConfiguration$JpaWebConfiguration$JpaWebMvcConfiguration:235] [WARN ] - spring.jpa.open-in-view is enabled by default. Therefore, database queries may be performed during view rendering. Explicitly configure spring.jpa.open-in-view to disable this warning
2018-08-06 16:49:26.222 [o.s.w.s.m.m.a.RequestMappingHandlerMapping:547] [INFO ] - Mapped "{[/]}" onto public java.lang.String com.luoxue.mybatis_demo.controller.DefaultController.index()
2018-08-06 16:49:26.226 [o.s.w.s.m.m.a.RequestMappingHandlerMapping:547] [INFO ] - Mapped "{[/user/login]}" onto public org.springframework.web.servlet.ModelAndView com.luoxue.mybatis_demo.controller.user.UserController.login(java.lang.String,java.lang.String)
2018-08-06 16:49:26.229 [o.s.w.s.m.m.a.RequestMappingHandlerMapping:547] [INFO ] - Mapped "{[/user/info]}" onto public com.luoxue.mybatis_demo.entity.User com.luoxue.mybatis_demo.controller.user.UserController.show()
2018-08-06 16:49:26.233 [o.s.w.s.m.m.a.RequestMappingHandlerMapping:547] [INFO ] - Mapped "{[/error]}" onto public org.springframework.http.ResponseEntity<java.util.Map<java.lang.String, java.lang.Object>> org.springframework.boot.autoconfigure.web.servlet.error.BasicErrorController.error(javax.servlet.http.HttpServletRequest)
2018-08-06 16:49:26.234 [o.s.w.s.m.m.a.RequestMappingHandlerMapping:547] [INFO ] - Mapped "{[/error],produces=[text/html]}" onto public org.springframework.web.servlet.ModelAndView org.springframework.boot.autoconfigure.web.servlet.error.BasicErrorController.errorHtml(javax.servlet.http.HttpServletRequest,javax.servlet.http.HttpServletResponse)
2018-08-06 16:49:26.284 [o.s.web.servlet.handler.SimpleUrlHandlerMapping:373] [INFO ] - Mapped URL path [/webjars/**] onto handler of type [class org.springframework.web.servlet.resource.ResourceHttpRequestHandler]
2018-08-06 16:49:26.284 [o.s.web.servlet.handler.SimpleUrlHandlerMapping:373] [INFO ] - Mapped URL path [/**] onto handler of type [class org.springframework.web.servlet.resource.ResourceHttpRequestHandler]
2018-08-06 16:49:26.429 [o.s.b.a.web.servlet.WelcomePageHandlerMapping:61] [INFO ] - Adding welcome page template: index
2018-08-06 16:49:26.712 [o.s.w.servlet.view.freemarker.FreeMarkerConfigurer:131] [INFO ] - ClassTemplateLoader for Spring macros added to FreeMarker configuration
2018-08-06 16:49:26.939 [o.s.b.d.autoconfigure.OptionalLiveReloadServer:57] [INFO ] - LiveReload server is running on port 35729
2018-08-06 16:49:26.994 [o.s.jmx.export.annotation.AnnotationMBeanExporter:433] [INFO ] - Registering beans for JMX exposure on startup
2018-08-06 16:49:26.996 [o.s.jmx.export.annotation.AnnotationMBeanExporter:895] [INFO ] - Bean with name 'dataSource' has been autodetected for JMX exposure
2018-08-06 16:49:27.004 [o.s.jmx.export.annotation.AnnotationMBeanExporter:668] [INFO ] - Located MBean 'dataSource': registering with JMX server as MBean [com.alibaba.druid.pool:name=dataSource,type=DruidDataSource]
2018-08-06 16:49:27.019 [org.apache.coyote.http11.Http11NioProtocol:180] [INFO ] - Starting ProtocolHandler ["http-nio-8090"]
2018-08-06 16:49:27.031 [org.apache.tomcat.util.net.NioSelectorPool:180] [INFO ] - Using a shared selector for servlet write/read
2018-08-06 16:49:27.053 [o.s.boot.web.embedded.tomcat.TomcatWebServer:206] [INFO ] - Tomcat started on port(s): 8090 (http) with context path ''
2018-08-06 16:49:27.059 [com.luoxue.mybatis_demo.MybatisDemoApplication:59] [INFO ] - Started MybatisDemoApplication in 7.233 seconds (JVM running for 9.151)
